<?xml version="1.0" encoding="UTF-8"?>
<testsuite name="sanity suity"
           tests="2"
           failures="0"
           errors="0"
           skipped="0"
           time="1.468">
  <properties />
  
  
            <testcase name="verifyErrorMessageWithInvalidCredentials" time="1.007" classname="com.nopcommerce.demo.testsuite.LoginPageTest" />
                <testcase name="verifyUserShouldNavigateToLoginPage" time="0.461" classname="com.nopcommerce.demo.testsuite.LoginPageTest" />
      
</testsuite>
